# JRE version: Java(TM) SE Runtime Environment (8.0_91-b15) (build 1.8.0_91-b15)
# Java VM: Java HotSpot(TM) 64-Bit Server VM (25.91-b15 mixed mode windows-amd64 compressed oops)
Heap:
 PSYoungGen      total 34304K, used 10230K [0x00000000d5a00000, 0x00000000d8000000, 0x0000000100000000)
  eden space 31744K, 31% used [0x00000000d5a00000,0x00000000d63e58d8,0x00000000d7900000)
  from space 2560K, 3% used [0x00000000d7d80000,0x00000000d7d98000,0x00000000d8000000)
  to   space 3584K, 0% used [0x00000000d7900000,0x00000000d7900000,0x00000000d7c80000)
 ParOldGen       total 87552K, used 27239K [0x0000000080e00000, 0x0000000086380000, 0x00000000d5a00000)
  object space 87552K, 31% used [0x0000000080e00000,0x0000000082899ff0,0x0000000086380000)
 Metaspace       used 17337K, capacity 17578K, committed 17920K, reserved 1064960K
  class space    used 1596K, capacity 1670K, committed 1792K, reserved 1048576K
GC Heap History (10 events):
Event: 66.772 GC heap before
{Heap before GC invocations=34 (full 0):
 PSYoungGen      total 34816K, used 34400K [0x00000000d5a00000, 0x00000000d8580000, 0x0000000100000000)
  eden space 34304K, 100% used [0x00000000d5a00000,0x00000000d7b80000,0x00000000d7b80000)
  from space 512K, 18% used [0x00000000d7c00000,0x00000000d7c18000,0x00000000d7c80000)
  to   space 5120K, 0% used [0x00000000d8080000,0x00000000d8080000,0x00000000d8580000)
 ParOldGen       total 87552K, used 27231K [0x0000000080e00000, 0x0000000086380000, 0x00000000d5a00000)
  object space 87552K, 31% used [0x0000000080e00000,0x0000000082897ff0,0x0000000086380000)
 Metaspace       used 17337K, capacity 17578K, committed 17920K, reserved 1064960K
  class space    used 1596K, capacity 1670K, committed 1792K, reserved 1048576K
Event: 66.773 GC heap after
Heap after GC invocations=34 (full 0):
 PSYoungGen      total 38400K, used 96K [0x00000000d5a00000, 0x00000000d8500000, 0x0000000100000000)
  eden space 33792K, 0% used [0x00000000d5a00000,0x00000000d5a00000,0x00000000d7b00000)
  from space 4608K, 2% used [0x00000000d8080000,0x00000000d8098000,0x00000000d8500000)
  to   space 5120K, 0% used [0x00000000d7b00000,0x00000000d7b00000,0x00000000d8000000)
 ParOldGen       total 87552K, used 27239K [0x0000000080e00000, 0x0000000086380000, 0x00000000d5a00000)
  object space 87552K, 31% used [0x0000000080e00000,0x0000000082899ff0,0x0000000086380000)
 Metaspace       used 17337K, capacity 17578K, committed 17920K, reserved 1064960K
  class space    used 1596K, capacity 1670K, committed 1792K, reserved 1048576K
}
Event: 68.304 GC heap before
{Heap before GC invocations=35 (full 0):
 PSYoungGen      total 38400K, used 33885K [0x00000000d5a00000, 0x00000000d8500000, 0x0000000100000000)
  eden space 33792K, 99% used [0x00000000d5a00000,0x00000000d7aff6d8,0x00000000d7b00000)
  from space 4608K, 2% used [0x00000000d8080000,0x00000000d8098000,0x00000000d8500000)
  to   space 5120K, 0% used [0x00000000d7b00000,0x00000000d7b00000,0x00000000d8000000)
 ParOldGen       total 87552K, used 27239K [0x0000000080e00000, 0x0000000086380000, 0x00000000d5a00000)
  object space 87552K, 31% used [0x0000000080e00000,0x0000000082899ff0,0x0000000086380000)
 Metaspace       used 17337K, capacity 17578K, committed 17920K, reserved 1064960K
  class space    used 1596K, capacity 1670K, committed 1792K, reserved 1048576K
Event: 68.304 GC heap after
Heap after GC invocations=35 (full 0):
 PSYoungGen      total 33792K, used 96K [0x00000000d5a00000, 0x00000000d8380000, 0x0000000100000000)
  eden space 33280K, 0% used [0x00000000d5a00000,0x00000000d5a00000,0x00000000d7a80000)
  from space 512K, 18% used [0x00000000d7b00000,0x00000000d7b18000,0x00000000d7b80000)
  to   space 4608K, 0% used [0x00000000d7f00000,0x00000000d7f00000,0x00000000d8380000)
 ParOldGen       total 87552K, used 27239K [0x0000000080e00000, 0x0000000086380000, 0x00000000d5a00000)
  object space 87552K, 31% used [0x0000000080e00000,0x0000000082899ff0,0x0000000086380000)
 Metaspace       used 17337K, capacity 17578K, committed 17920K, reserved 1064960K
  class space    used 1596K, capacity 1670K, committed 1792K, reserved 1048576K
}
Event: 69.809 GC heap before
{Heap before GC invocations=36 (full 0):
 PSYoungGen      total 33792K, used 33376K [0x00000000d5a00000, 0x00000000d8380000, 0x0000000100000000)
  eden space 33280K, 100% used [0x00000000d5a00000,0x00000000d7a80000,0x00000000d7a80000)
  from space 512K, 18% used [0x00000000d7b00000,0x00000000d7b18000,0x00000000d7b80000)
  to   space 4608K, 0% used [0x00000000d7f00000,0x00000000d7f00000,0x00000000d8380000)
 ParOldGen       total 87552K, used 27239K [0x0000000080e00000, 0x0000000086380000, 0x00000000d5a00000)
  object space 87552K, 31% used [0x0000000080e00000,0x0000000082899ff0,0x0000000086380000)
 Metaspace       used 17337K, capacity 17578K, committed 17920K, reserved 1064960K
  class space    used 1596K, capacity 1670K, committed 1792K, reserved 1048576K
Event: 69.810 GC heap after
Heap after GC invocations=36 (full 0):
 PSYoungGen      total 35840K, used 96K [0x00000000d5a00000, 0x00000000d8200000, 0x0000000100000000)
  eden space 32768K, 0% used [0x00000000d5a00000,0x00000000d5a00000,0x00000000d7a00000)
  from space 3072K, 3% used [0x00000000d7f00000,0x00000000d7f18000,0x00000000d8200000)
  to   space 4096K, 0% used [0x00000000d7a00000,0x00000000d7a00000,0x00000000d7e00000)
 ParOldGen       total 87552K, used 27239K [0x0000000080e00000, 0x0000000086380000, 0x00000000d5a00000)
  object space 87552K, 31% used [0x0000000080e00000,0x0000000082899ff0,0x0000000086380000)
 Metaspace       used 17337K, capacity 17578K, committed 17920K, reserved 1064960K
  class space    used 1596K, capacity 1670K, committed 1792K, reserved 1048576K
}
Event: 71.303 GC heap before
{Heap before GC invocations=37 (full 0):
 PSYoungGen      total 35840K, used 32864K [0x00000000d5a00000, 0x00000000d8200000, 0x0000000100000000)
  eden space 32768K, 100% used [0x00000000d5a00000,0x00000000d7a00000,0x00000000d7a00000)
  from space 3072K, 3% used [0x00000000d7f00000,0x00000000d7f18000,0x00000000d8200000)
  to   space 4096K, 0% used [0x00000000d7a00000,0x00000000d7a00000,0x00000000d7e00000)
 ParOldGen       total 87552K, used 27239K [0x0000000080e00000, 0x0000000086380000, 0x00000000d5a00000)
  object space 87552K, 31% used [0x0000000080e00000,0x0000000082899ff0,0x0000000086380000)
 Metaspace       used 17337K, capacity 17578K, committed 17920K, reserved 1064960K
  class space    used 1596K, capacity 1670K, committed 1792K, reserved 1048576K
Event: 71.303 GC heap after
Heap after GC invocations=37 (full 0):
 PSYoungGen      total 32768K, used 96K [0x00000000d5a00000, 0x00000000d8180000, 0x0000000100000000)
  eden space 32256K, 0% used [0x00000000d5a00000,0x00000000d5a00000,0x00000000d7980000)
  from space 512K, 18% used [0x00000000d7a00000,0x00000000d7a18000,0x00000000d7a80000)
  to   space 4096K, 0% used [0x00000000d7d80000,0x00000000d7d80000,0x00000000d8180000)
 ParOldGen       total 87552K, used 27239K [0x0000000080e00000, 0x0000000086380000, 0x00000000d5a00000)
  object space 87552K, 31% used [0x0000000080e00000,0x0000000082899ff0,0x0000000086380000)
 Metaspace       used 17337K, capacity 17578K, committed 17920K, reserved 1064960K
  class space    used 1596K, capacity 1670K, committed 1792K, reserved 1048576K
}
Event: 72.763 GC heap before
{Heap before GC invocations=38 (full 0):
 PSYoungGen      total 32768K, used 32352K [0x00000000d5a00000, 0x00000000d8180000, 0x0000000100000000)
  eden space 32256K, 100% used [0x00000000d5a00000,0x00000000d7980000,0x00000000d7980000)
  from space 512K, 18% used [0x00000000d7a00000,0x00000000d7a18000,0x00000000d7a80000)
  to   space 4096K, 0% used [0x00000000d7d80000,0x00000000d7d80000,0x00000000d8180000)
 ParOldGen       total 87552K, used 27239K [0x0000000080e00000, 0x0000000086380000, 0x00000000d5a00000)
  object space 87552K, 31% used [0x0000000080e00000,0x0000000082899ff0,0x0000000086380000)
 Metaspace       used 17337K, capacity 17578K, committed 17920K, reserved 1064960K
  class space    used 1596K, capacity 1670K, committed 1792K, reserved 1048576K
Event: 72.764 GC heap after
Heap after GC invocations=38 (full 0):
 PSYoungGen      total 34304K, used 96K [0x00000000d5a00000, 0x00000000d8000000, 0x0000000100000000)
  eden space 31744K, 0% used [0x00000000d5a00000,0x00000000d5a00000,0x00000000d7900000)
  from space 2560K, 3% used [0x00000000d7d80000,0x00000000d7d98000,0x00000000d8000000)
  to   space 3584K, 0% used [0x00000000d7900000,0x00000000d7900000,0x00000000d7c80000)
 ParOldGen       total 87552K, used 27239K [0x0000000080e00000, 0x0000000086380000, 0x00000000d5a00000)
  object space 87552K, 31% used [0x0000000080e00000,0x0000000082899ff0,0x0000000086380000)
 Metaspace       used 17337K, capacity 17578K, committed 17920K, reserved 1064960K
  class space    used 1596K, capacity 1670K, committed 1792K, reserved 1048576K
}

